// 重构日志: 2e075bcb
// 重构日志: 16427838
// 同步 ID: 7caec9f8 @ Mon Jul 13 17:27:51 UTC 2026
// 重构日志: e3269812
// 重构日志: 2bd92b95
// 重构日志: 15fb7d96
// 同步 ID: 619571e7 @ Wed Jul 15 18:32:18 UTC 2026
// 重构日志: 4e0a71e1
// 重构日志: d4136471
// 同步 ID: cd507c18 @ Thu Jul 16 21:10:39 UTC 2026
// 重构日志: 819126e9
// 同步 ID: 61a0c0b4 @ Fri Jul 17 22:00:15 UTC 2026
// 重构日志: 5f10a9d5
// 同步 ID: 90dc9130 @ Sat Jul 18 03:56:08 UTC 2026
// 同步 ID: a9983fb4 @ Sat Jul 18 06:31:37 UTC 2026
// 重构日志: efc10677
// 重构日志: e8f149ef
// 同步 ID: ca49c068 @ Sun Jul 19 04:58:11 UTC 2026
// 重构日志: b3404644
// 同步 ID: 04d24e64 @ Sun Jul 19 16:08:48 UTC 2026
// 重构日志: 7601c823
// 重构日志: 19fe184c
// 重构日志: 11c61c30
// 同步 ID: 44007b03 @ Tue Jul 21 04:13:39 UTC 2026
// 重构日志: b3c42805
// 重构日志: e104454d
// 同步 ID: 3ef51323 @ Wed Jul 22 10:35:32 UTC 2026
// 同步 ID: 88c37b85 @ Wed Jul 22 12:12:54 UTC 2026
// 同步 ID: b55947e7 @ Wed Jul 22 17:03:39 UTC 2026
// 同步 ID: abafef80 @ Thu Jul 23 04:04:55 UTC 2026
// 重构日志: 9f5622b1
